<?xml version="1.0" encoding="utf-8"?><testsuites name="pytest tests"><testsuite name="pytest" errors="0" failures="0" skipped="0" tests="13" time="13.323" timestamp="2026-09-14T15:13:14.445638+05:30" hostname="pavanDebian"><testcase classname="tests.test_event_timeline_model.TestEventTimelineDefaults" name="test_nodes_default_is_empty_list" time="0.145" /><testcase classname="tests.test_event_timeline_model.TestEventTimelineDefaults" name="test_edges_default_is_empty_list" time="0.017" /><testcase classname="tests.test_event_timeline_model.TestEventTimelineDefaults" name="test_needs_refresh_default_is_false" time="0.004" /><testcase classname="tests.test_event_timeline_model.TestEventTimelineDefaults" name="test_gdelt_row_count_default_is_zero" time="0.003" /><testcase classname="tests.test_event_timeline_model.TestEventTimelineDefaults" name="test_topic_summary_default_is_empty_string" time="0.004" /><testcase classname="tests.test_event_timeline_model.TestEventTimelineFields" name="test_stores_nodes_as_list" time="0.003" /><testcase classname="tests.test_event_timeline_model.TestEventTimelineFields" name="test_stores_edges_as_list" time="0.004" /><testcase classname="tests.test_event_timeline_model.TestEventTimelineFields" name="test_needs_refresh_can_be_set_true" time="0.003" /><testcase classname="tests.test_event_timeline_model.TestEventTimelineFields" name="test_gdelt_row_count_stores_integer" time="0.010" /><testcase classname="tests.test_event_timeline_model.TestEventTimelineFields" name="test_event_id_stored_correctly" time="0.006" /><testcase classname="tests.test_event_timeline_model.TestEventTimelineFields" name="test_table_name" time="0.002" /><testcase classname="tests.test_event_timeline_model.TestEventTimelineRelationship" name="test_event_has_timeline_attribute" time="0.005" /><testcase classname="tests.test_event_timeline_model.TestEventTimelineRelationship" name="test_event_timeline_has_event_attribute" time="0.003" /></testsuite></testsuites>