<?xml version="1.0" encoding="utf-8"?><testsuites name="pytest tests"><testsuite name="pytest" errors="0" failures="0" skipped="0" tests="21" time="7.215" timestamp="2026-09-14T16:50:59.881741+05:30" hostname="pavanDebian"><testcase classname="tests.test_wikipedia_service.TestSearchTimelineTitles" name="test_returns_titles_on_success" time="0.063" /><testcase classname="tests.test_wikipedia_service.TestSearchTimelineTitles" name="test_returns_empty_list_on_no_results" time="0.033" /><testcase classname="tests.test_wikipedia_service.TestSearchTimelineTitles" name="test_returns_empty_list_on_http_error" time="0.045" /><testcase classname="tests.test_wikipedia_service.TestSearchTimelineTitles" name="test_respects_limit_cap" time="0.040" /><testcase classname="tests.test_wikipedia_service.TestSearchTimelineTitles" name="test_user_agent_is_set" time="0.022" /><testcase classname="tests.test_wikipedia_service.TestFetchPageExtracts" name="test_returns_extract_for_single_title" time="0.027" /><testcase classname="tests.test_wikipedia_service.TestFetchPageExtracts" name="test_returns_none_for_missing_page" time="0.032" /><testcase classname="tests.test_wikipedia_service.TestFetchPageExtracts" name="test_returns_none_for_empty_extract" time="0.040" /><testcase classname="tests.test_wikipedia_service.TestFetchPageExtracts" name="test_batches_more_than_50_titles" time="0.037" /><testcase classname="tests.test_wikipedia_service.TestFetchPageExtracts" name="test_deduplicates_titles" time="0.027" /><testcase classname="tests.test_wikipedia_service.TestFetchPageExtracts" name="test_returns_empty_dict_for_empty_input" time="0.013" /><testcase classname="tests.test_wikipedia_service.TestFetchPageExtracts" name="test_returns_none_values_on_http_error" time="0.039" /><testcase classname="tests.test_wikipedia_service.TestFetchPageExtracts" name="test_user_agent_is_set_on_extract_request" time="0.020" /><testcase classname="tests.test_wikipedia_service.TestFetchPageExtracts" name="test_resolves_title_normalisation" time="0.050" /><testcase classname="tests.test_wikipedia_service.TestEdgeCases" name="test_multiple_titles_all_resolved" time="0.039" /><testcase classname="tests.test_wikipedia_service.TestEdgeCases" name="test_mixed_valid_and_missing_pages" time="0.032" /><testcase classname="tests.test_wikipedia_service.TestEdgeCases" name="test_batch_count[1-1]" time="0.038" /><testcase classname="tests.test_wikipedia_service.TestEdgeCases" name="test_batch_count[50-1]" time="0.034" /><testcase classname="tests.test_wikipedia_service.TestEdgeCases" name="test_batch_count[51-2]" time="0.046" /><testcase classname="tests.test_wikipedia_service.TestEdgeCases" name="test_batch_count[100-2]" time="0.033" /><testcase classname="tests.test_wikipedia_service.TestEdgeCases" name="test_batch_count[101-3]" time="0.048" /></testsuite></testsuites>